<?xml version="1.0" encoding="UTF-8"?>
<testng-results skipped="0" failed="0" ignored="0" total="1" passed="1">
  <reporter-output>
  </reporter-output>
  <suite name="SuiteName" duration-ms="39" started-at="2020-07-26T16:17:34 CST" finished-at="2020-07-26T16:17:34 CST">
    <groups>
    </groups>
    <test name="TestName" duration-ms="39" started-at="2020-07-26T16:17:34 CST" finished-at="2020-07-26T16:17:34 CST">
      <class name="test03">
        <test-method status="PASS" signature="test()[pri:0, instance:test03@4c70fda8]" name="test" duration-ms="4" started-at="2020-07-26T16:17:34 CST" finished-at="2020-07-26T16:17:34 CST">
          <reporter-output>
          </reporter-output>
        </test-method> <!-- test -->
      </class> <!-- test03 -->
    </test> <!-- TestName -->
  </suite> <!-- SuiteName -->
</testng-results>
